


ARM Macro Assembler    Page 1 


    1 00000000         
    2 00000000         
    3 00000000                 AREA             in_ram, CODE
    5 00000000         POWER_EnterPowerDownInRam
                               PROC
    6 00000000                 EXPORT           POWER_EnterPowerDownInRam
    7 00000000                 EXPORT           POWER_WakeupEntry
    8 00000000                 IMPORT           g_MSP_Val
    9 00000000 E92D 4FF0       PUSH             {LR, R4-R11}
   10 00000004 480E            LDR              R0, =g_MSP_Val
   11 00000006 F3EF 8108       MRS              R1, MSP
   12 0000000A 6001            STR              R1, [R0]
   13 0000000C         
   14 0000000C BF30            WFI
   15 0000000E         POWER_WakeupEntry
   16 0000000E 490D            LDR              R1, =0x40000014 ;SYS_MODE_REG
   17 00000010 6808            LDR              R0, [R1]
   18 00000012 F04F 0201       LDR              R2, =0x00000001 ;REMAP_BIT
   19 00000016 EA40 0002       ORR              R0, R0, R2
   20 0000001A 6008            STR              R0, [R1]
   21 0000001C         
   22 0000001C 4808            LDR              R0, =g_MSP_Val
   23 0000001E 6801            LDR              R1, [R0]
   24 00000020 F381 8808       MSR              MSP, R1
   25 00000024 E8BD 4FF0       POP              {LR, R4-R11}
   26 00000028         
   27 00000028         ; delay for some time, to make sure flash is ready
   28 00000028 F04F 0100       MOV              R1, #0
   29 0000002C F04F 0065       MOV              R0, #0x65
   30 00000030 F3BF 8F6F 
                       loop_core
                               ISB
   31 00000034 F101 0101       ADD              R1, R1, #1
   32 00000038 4281            CMP              R1, R0
   33 0000003A D3F9            BCC              loop_core
   34 0000003C 4770            BX               LR
   35 0000003E                 ENDP
   36 0000003E 00 00           ALIGN
   37 00000040                 END
              00000000 
              40000014 
Command Line: --debug --diag_suppress=9931 --cpu=Cortex-M4.fp --apcs=interwork 
--depend=debug\fsl_power_in_ram.d -odebug\fsl_power_in_ram.o -I.\RTE\_ble_proxr
_Debug -IC:\Keil_v5\ARM\PACK\Keil\QN908x_DFP\1.0.0\Device\Include -IC:\Keil_v5\
ARM\CMSIS\Include --predefine="__MICROLIB SETA 1" --predefine="__UVISION_VERSIO
N SETA 523" --predefine="QN90xx SETA 1" --list=.\output\fsl_power_in_ram.lst ..
/../../../../devices/QN908X/drivers/fsl_power_in_ram.s
